<?xml version="1.0" encoding="UTF-8"?>
<testsuite xmlns:xsi="http://www.w3.org/2001/XMLSchema-instance" xsi:noNamespaceSchemaLocation="https://maven.apache.org/surefire/maven-surefire-plugin/xsd/surefire-test-report-3.0.xsd" version="3.0" name="L2023140020_19_Test" time="0.085" tests="3" errors="0" skipped="0" failures="0">
  <properties>
[...]
</properties>
  <testcase name="testGameOfLifeEmptyBoard" classname="L2023140020_19_Test" time="0.007"/>
  <testcase name="testGameOfLifeStandard" classname="L2023140020_19_Test" time="0.0"/>
  <testcase name="testGameOfLifeSmallBoard" classname="L2023140020_19_Test" time="0.0"/>
</testsuite>